<?xml version="1.0" encoding="UTF-8"?>
<!-- Generated by org.testng.reporters.JUnitReportReporter -->
<testsuite hostname="DESKTOP-TCLPQKU" failures="0" tests="1" name="package1.ContactTest" time="0.001" errors="0" timestamp="17 Jul 2024 06:47:12 GMT">
  <testcase classname="package1.ContactTest" name="modifyContactTest" time="0.001"/>
</testsuite> <!-- package1.ContactTest -->
