<?xml version="1.0" encoding="UTF-8"?>
<!-- Generated by org.testng.reporters.JUnitReportReporter -->
<testsuite hostname="DESKTOP-TCLPQKU" failures="0" tests="1" name="package2.OrgTest" time="0.011" errors="0" timestamp="17 Jul 2024 06:47:12 GMT">
  <testcase classname="package2.OrgTest" name="createOrgTest" time="0.011"/>
</testsuite> <!-- package2.OrgTest -->
